<?xml version="1.0" encoding="UTF-8"?>
<!-- Generated by org.testng.reporters.JUnitReportReporter -->
<testsuite hostname="DELLXPS" failures="0" tests="1" name="work.DemoTest" time="0.004" errors="0" timestamp="2023-08-31T11:55:36 IST" skipped="0">
  <testcase classname="work.DemoTest" name="Hello" time="0.004"/>
  <system-out/>
</testsuite> <!-- work.DemoTest -->
