<?xml version="1.0" encoding="UTF-8"?>
<!-- Generated by org.testng.reporters.JUnitReportReporter -->
<testsuite hostname="DELLXPS" failures="0" tests="1" name="work.DemoTest2" time="0.003" errors="0" timestamp="2023-08-31T11:50:39 IST" skipped="0">
  <testcase classname="work.DemoTest2" name="team" time="0.003"/>
  <system-out/>
</testsuite> <!-- work.DemoTest2 -->
